libXpm-devel-3.5.10-2.el6.x86_64 1361473671 61855 86e433c43c8c7aaa71d61036056d168b installed
gpg-pubkey-c105b9de-4e0fd3a3 1309660067 0 (none) installed
libc-client-devel-2007e-11.el6.x86_64 1289577493 234446 32471d9453613964afc6ee01d8ec5a4a installed
setup-2.8.14-23.el6.noarch 1490133393 666669 f58d4ff770a377d42854025b5c64a709 installed
libedit-devel-2.11-4.20080712cvs.1.el6.x86_64 1282207320 40718 32f03bfe49896b1aee2e257852f3be44 installed
python-srpm-macros-3-13.el6.noarch 1531165213 1843 c75acf352362bb7dee22367363927d91 installed
libpng-devel-2:1.2.49-2.el6_7.x86_64 1449669193 268581 a4d4bfcc214c5fc4e4f9d7f0d9fbd12b installed
filesystem-2.4.30-3.el6.x86_64 1316778694 0 8328ee9940f142cae12b0ba18a166a7d installed
libjpeg-turbo-devel-1.2.1-3.el6_5.x86_64 1386632223 321085 71d8deaf27a41e3f4bcdc6d28a641322 installed
tzdata-2018i-1.el6.noarch 1547053131 2002471 b59135f86d30d7db8292853a28aeccc6 installed
freetds-devel-0.91-2.el6.x86_64 1330351188 123226 07da8c1fe3ba728d56f77c78ac8103cc installed
nss-softokn-freebl-3.14.3-23.3.el6_8.x86_64 1468337917 490290 2c45c946199a527955ac597c2e0af02c installed
libicu-devel-4.2.1-14.el6.x86_64 1462926126 3333686 cad461796c1c7143e570b2644d8b24e9 installed
glibc-2.12-1.212.el6.x86_64 1529414884 13117447 89e843d7979a50a26e2ea1924ef3e213 installed
libtool-ltdl-devel-2.2.6-15.5.el6.x86_64 1282678969 772365 a5afe2d80847ac2fd05ed8c340244d1b installed
bash-4.1.2-48.el6.x86_64 1490228240 3142529 fb70e495a46a63523eab6138cae2438d installed
pam-devel-1.1.1-24.el6.x86_64 1490172992 560154 cd2dcd2bc8fe812df0989c909b7c4386 installed
libcap-2.16-5.5.el6.x86_64 1323288241 64437 5d224cdbaa15053a3aa5443a07a45c2b installed
sqlite-devel-3.6.20-1.el6_7.2.x86_64 1439807128 289974 224359f368d3d10aab974a6e5e30cdf9 installed
info-4.13a-8.el6.x86_64 1282282228 329482 482d0f1ec0690ed672c0c1b594f78583 installed
bzip2-devel-1.0.5-7.el6_0.x86_64 1308966355 421900 4e53ee09bfdb46b32b928ec87c90e6a8 installed
bzip2-libs-1.0.5-7.el6_0.x86_64 1308966355 67592 45e62d2d207887437a081283cd979a70 installed
libstdc++-4.4.7-23.el6.x86_64 1529411436 987096 100188ad74a764ef33ca7b9ed73e2507 installed
libacl-2.2.49-7.el6_9.1.x86_64 1503432844 31280 98166984ca2ff5aabfd1a43fdc89c788 installed
libsepol-2.0.41-4.el6.x86_64 1323280869 248680 cbc386b646b94d710dfabe7126ede725 installed
sed-4.2.1-10.el6.x86_64 1340372521 542324 48bcbdc8eab711098683a23048799093 installed
chkconfig-1.3.49.5-1.el6.x86_64 1462915139 670580 c5e95feb1e3c73bfd0761981c866a024 installed
audit-libs-2.4.5-6.el6.x86_64 1490177147 235282 fec1ad9c60d9d6e870ea6182ba6be06a installed
readline-6.0-4.el6.x86_64 1340348072 433957 d8b0aa8a08f36b43eb4858d76d005c6d installed
file-libs-5.04-30.el6.x86_64 1462914182 2486624 e27f1d59098a685689f3f2d099946a85 installed
libcom_err-1.41.12-24.el6.x86_64 1529422977 59233 3d4d863ae951dde28e33d4fec21c793d installed
libidn-1.18-2.el6.x86_64 1282611085 567612 fd12d1a9b1bbeb0af06789ca1a91e227 installed
expat-2.0.1-13.el6_8.x86_64 1480371682 197794 7c8e581750011dc5ff891ef8dbb76263 installed
nss-softokn-3.14.3-23.3.el6_8.x86_64 1468337917 1103062 2acb6fdbf150b397270c2ab0a966b8f0 installed
findutils-1:4.4.2-9.el6.x86_64 1456835167 1442912 b0ffd83c8576d956eb0af7aaf52bf832 installed
pcre-7.8-7.el6.x86_64 1437691568 529027 60c2d316d863cdcb610cca815e29d894 installed
diffutils-2.8.1-28.el6.x86_64 1289449745 588813 8ead45c0c09898f39170ea97c521581b installed
libtasn1-2.3-6.el6_5.x86_64 1401813432 443140 7dc9e15b02609ef338e49114556f3868 installed
pkgconfig-1:0.23-9.1.el6.x86_64 1282188632 140091 62aa0b6f2b06f987ba56e95d727a948f installed
libuuid-2.17.2-12.28.el6_9.2.x86_64 1516952480 16304 9e1615002308c631aaee83e16668543f installed
perl-Pod-Escapes-1:1.04-144.el6.x86_64 1490181147 21092 fe03978a389d9991061ca0a8f128f992 installed
perl-libs-4:5.10.1-144.el6.x86_64 1490181147 1485896 c8d9e92a17d953b36d59238e45a78695 installed
perl-Module-Pluggable-1:3.90-144.el6.x86_64 1490181147 31033 86c0ff292dcc2511141221544f4a692a installed
libblkid-2.17.2-12.28.el6_9.2.x86_64 1516952480 136136 5bdee9aed72c9be1bf51b6c43d1e35a7 installed
cpp-4.4.7-23.el6.x86_64 1529411436 10012603 d2cb382510fb5e37cd8dab0bc8840fe7 installed
libnih-1.0.1-8.el6.x86_64 1529422819 490926 b69e9826410913a30efeb2849482ace1 installed
file-5.04-30.el6.x86_64 1462914182 56567 5e5e8e881f53ba6a03c8978c037be2ac installed
elfutils-0.164-2.el6.x86_64 1462907151 677800 5216dc41ec9fea57403e7a49c7df360e installed
procps-3.2.8-45.el6_9.3.x86_64 1527859719 475526 f21e14ee708e7ff106533791199873cd installed
psmisc-22.6-24.el6.x86_64 1490165337 222569 e54c765f163883606eaba07d0230d3cf installed
patch-2.6-8.el6_9.x86_64 1525202714 179790 f0a28aacaf3c6db5847a30fbd75995c5 installed
cloog-ppl-0.15.7-1.2.el6.x86_64 1289443171 185386 45bf8b3d5ecdf00b8920cae8215cd23f installed
libusb-0.1.12-23.el6.x86_64 1282502667 54440 d1b2530f9e990b4dff32301c7849d417 installed
unzip-6.0-5.el6.x86_64 1490130549 331766 07aa8e52cc567ff759018dabf4f6434b installed
cyrus-sasl-lib-2.1.23-15.el6_6.2.x86_64 1427279058 357710 6199bc3ccc2b414fb57b66bdeccd71d1 installed
libgomp-4.4.7-23.el6.x86_64 1529411436 127982 592333d5d1adb6e8cae3c37d86f65be6 installed
gamin-0.1.10-9.el6.x86_64 1289462638 416440 5156618d3b648e76d643495671fc0abd installed
shared-mime-info-0.70-6.el6.x86_64 1401183412 1411396 5e6203e5374e767bbb3eecaf04e06836 installed
epel-release-6-8.noarch 1352087681 22169 c9718090256be5bb94feeb126a0ddabd installed
groff-1.18.1.4-21.el6.x86_64 1289514233 5318766 e4ca537dd1668ea7a00a3476d0bde544 installed
coreutils-libs-8.4-47.el6.x86_64 1529421526 5576 7ad9b0d44df0e19417e58c922ce145f3 installed
cracklib-2.8.16-4.el6.x86_64 1308983950 187265 66ba40d1f80041344e9e7f3c2cce0b3c installed
coreutils-8.4-47.el6.x86_64 1529421526 12873065 84092ccc9b644eb86dc0fb09754f80a1 installed
module-init-tools-3.9-26.el6.x86_64 1490157847 1216834 cb180e326e41dd50e83a78242742163d installed
libpciaccess-0.13.4-1.el6.x86_64 1462930988 40777 3c5695676634ec16e2a140ac2aa2eda5 installed
ca-certificates-2018.2.22-65.1.el6.noarch 1529423501 2675229 33aa2022c5bfe5613215e68dc02941af installed
nss-3.36.0-9.el6_10.x86_64 1539104446 2660886 045419fbbb065dee1939cf467d8605a6 installed
nss-tools-3.36.0-9.el6_10.x86_64 1539104446 2052883 e0aec0f4a99cf6985bbcfa4211400d5c installed
keyutils-libs-1.4-5.el6.x86_64 1413371285 36624 e55a68fb4ada530ec6f52d34e1dee538 installed
openssl-1.0.1e-57.el6.x86_64 1490219229 4248338 43a12b9b1a7050d62b52099552ec7963 installed
libcurl-7.19.7-53.el6_9.x86_64 1491228847 347536 587463a0294856ae3177d97b70f8136c installed
rpm-libs-4.8.0-59.el6.x86_64 1529423780 777656 5cc09f970aeaee43fa0ef20bb03d0103 installed
openldap-2.4.40-16.el6.x86_64 1490164288 859518 5fb3cd202d6354c28ebdf420c8eb5916 installed
python-2.6.6-66.el6_8.x86_64 1471534159 79603 649646824189190c3153fcdcc7cf686d installed
gdb-7.2-92.el6.x86_64 1490165883 5545845 bd590a46cfb4a39436f5d21d7dc3d111 installed
libsemanage-2.0.43-5.1.el6.x86_64 1437701920 204223 ddb4929b9a3b18082dd75345fa368c1b installed
libutempter-1.1.5-4.1.el6.x86_64 1282148042 40785 9fab105dce8b3f2f7dd9f53d4161c776 installed
plymouth-core-libs-0.8.3-29.el6.centos.x86_64 1490151181 177760 c32d0f492fe719154a45ac77da9190de installed
mingetty-1.08-5.el6.x86_64 1316782496 34586 db0d0ab6289fcee75a1aff64db47e0aa installed
iptables-1.4.7-19.el6.x86_64 1529424501 861752 b90ad105c729e342f3bc2100f2c67296 installed
libdrm-2.4.65-2.el6.x86_64 1462926930 306787 c37e1d3705a0ab67262bb0873fa32b6e installed
plymouth-0.8.3-29.el6.centos.x86_64 1490151181 193924 77d86ee21808b2bbbe3ce64fbc82d79c installed
initscripts-9.03.61-1.el6.centos.x86_64 1529424780 5735427 a7dc57677500a05f5a9c85349765ea8d installed
kernel-headers-2.6.32-754.9.1.el6.x86_64 1544084488 2776718 309415f04926c1f42410933e81a5585d installed
glibc-devel-2.12-1.212.el6.x86_64 1529414884 990368 d7dae6fca26bc7a3be889f4c5524f9b1 installed
python2-rpm-macros-3-13.el6.noarch 1531165213 756 01af81cfcb54ac86de0d4fd7975d6b7e installed
gcc-c++-4.4.7-23.el6.x86_64 1529411436 11429003 72629895facd0975de5dfb25ec7db051 installed
tar-2:1.23-15.el6_8.x86_64 1468339234 2616465 369d4ecc0c520fbe7368613a19558afe installed
apr15u-1.5.2-2.ius.el6.x86_64 1511983565 235352 f37665561e17deb19b8ba7f6635f834e installed
tcp_wrappers-libs-7.6-58.el6.x86_64 1462921375 131475 c7a83338b1df5f9e96f7960711457964 installed
libgcrypt-1.4.5-12.el6_8.x86_64 1478893356 536622 b16c065b3d5f5c351ee3f64c67fb77ce installed
apr15u-util-1.5.4-3.ius.el6.x86_64 1423545428 192194 a44453042017e997b3bdd82841ee488c installed
apr15u-devel-1.5.2-2.ius.el6.x86_64 1511983565 787959 047fab6f503964d651a995af23eddd14 installed
libICE-1.0.6-1.el6.x86_64 1281997288 117691 9a27acf194a47c2fe666566c06fb2148 installed
postgresql-libs-8.4.20-8.el6_9.x86_64 1507235595 639602 b6b1d36c22bdb7e88c1e1cfd22fe500d installed
libxcb-1.12-4.el6.x86_64 1490272790 886960 3cd4018042fcb256ce0943508cb7b534 installed
libtool-ltdl-2.2.6-15.5.el6.x86_64 1282678969 64948 7e64545282cc93a427eaa1b823c593a4 installed
libicu-4.2.1-14.el6.x86_64 1462926126 19519528 e80983267c9bed3031dff5b591916a04 installed
libXau-devel-1.0.6-4.el6.x86_64 1361472293 6430 52e17fbd2bc890a2829ebee953d39d74 installed
postgresql-8.4.20-8.el6_9.x86_64 1507235595 14266479 9645fe2169192e34ec619f69ca107713 installed
net-snmp-libs-1:5.5-60.el6.x86_64 1490183222 5724491 e194a6a81aa0810bcc904983cf8414ef installed
elfutils-devel-0.164-2.el6.x86_64 1462907151 305553 9c2a066b86c64ae18ac7c85f0931680b installed
httpd24u-tools-2.4.35-1.ius.el6.x86_64 1539725921 170044 3c49260c3997375cf5c9170e6f704bbc installed
gnutls-2.12.23-22.el6.x86_64 1529421697 1167530 a3daf16b5f5c5d6dd5223df7c456b873 installed
libxslt-1.1.26-2.el6_3.1.x86_64 1347556804 2223955 1c1d53132c59a11ee3d4852e8f3ee8f6 installed
libgcrypt-devel-1.4.5-12.el6_8.x86_64 1478893356 206362 f186fbe4a130b01703b6f56d21f785b4 installed
libkadm5-1.10.3-65.el6.x86_64 1490162503 211864 929ed686f3ebf9a5ba9429a3dcb22bba installed
libjpeg-turbo-1.2.1-3.el6_5.x86_64 1386632223 476782 60f8e5d81bd60ede61babd48fadb82df installed
keyutils-1.4-5.el6.x86_64 1413371285 70677 17d3ef0b5ca1a6807e9e4f0feab4248a installed
cyrus-sasl-2.1.23-15.el6_6.2.x86_64 1427279058 132742 e3beada8867f4856a6241e609301c54b installed
openldap-devel-2.4.40-16.el6.x86_64 1490164288 5440684 027479a9a1a1683b330dafd7a5ee879e installed
libpng-2:1.2.49-2.el6_7.x86_64 1449669193 654803 9b4d9f9547af8d4148433086625becf3 installed
libmcrypt-2.5.8-9.el6.x86_64 1278709815 287380 7242bace120b420863c67fcc5c638777 installed
libnghttp2-1.6.0-1.el6.1.x86_64 1451913052 132572 342f9778266a6034ee7e12aae45b8b54 installed
libvpx-1.3.0-5.el6_5.x86_64 1409296160 1364408 a5577512e6627698427152c0858184ec installed
mailcap-2.1.31-2.el6.noarch 1316790171 52877 ad32dcba085cf9233930addac50d9d39 installed
libX11-1.6.4-3.el6.x86_64 1490272987 1301928 2c87a4537fe52b62f5331864abfab1c8 installed
t1lib-5.1.2-6.el6_2.1.x86_64 1327457176 395032 8a9d93059f7b858832963b6b308f1bb0 installed
libX11-devel-1.6.4-3.el6.x86_64 1490272987 1100147 3d4cbea094213055dfa429963a229fc1 installed
libcom_err-devel-1.41.12-24.el6.x86_64 1529422977 34455 d3748454872f6459f29b55de34b7e9f1 installed
hunspell-1.2.8-16.el6.x86_64 1289506658 428940 72ff9a4839e6c7c887c20070d1b9da18 installed
tokyocabinet-1.4.33-6.el6.x86_64 1282526910 1280665 efa27aee697f7128c4f9b0b4e19ea549 installed
httpd24u-2.4.35-1.ius.el6.x86_64 1539725921 4420291 a2f1d34bd36f452a136cfc9c4937863c installed
db4-cxx-4.7.25-22.el6.x86_64 1490145143 1647216 33ca9ce906a4bc1eafd73c26634a35da installed
freetype-2.3.11-17.el6.x86_64 1462918486 836907 081c635819bce2feccc9161a78b45c96 installed
libselinux-devel-2.0.94-7.el6.x86_64 1462921191 162535 3dc7f18c9ca746fefa96e9346bd6fa97 installed
openssl-devel-1.0.1e-57.el6.x86_64 1490219229 2288823 e6a8887cc5654d1c05729a4666ecab84 installed
libevent-1.4.13-4.el6.x86_64 1340366329 232536 1ddca20d06f19010b963e3750d05a0c4 installed
nfs-utils-1:1.2.3-78.el6_10.1.x86_64 1539100259 1026201 203a490e9308cd5de300bfa0d308f989 installed
rpm-devel-4.8.0-59.el6.x86_64 1529423780 279642 33a59716e88c0009808825aeb88c4a12 installed
apr15u-util-devel-1.5.4-3.ius.el6.x86_64 1423545428 298843 4bc7590501db5247f7d1ce5f5cef4cf1 installed
autoconf-2.63-5.1.el6.noarch 1289437056 2605343 70c97849b8629bd056e7a21a7d7d05c4 installed
libtidy-0.99.0-19.20070615.1.el6.x86_64 1289565993 388624 32c9d071c96ea3a20f08e1970663118b installed
firebird-devel-2.5.7.27050.0-1.el6.x86_64 1502917256 355197 914871c7a4b644d8fb256fae0f77e7a4 installed
libcurl-devel-7.19.7-53.el6_9.x86_64 1491228847 497647 05e2137868acf980c3e440a55b9b17a2 installed
httpd24u-devel-2.4.35-1.ius.el6.x86_64 1539725921 836608 dcb61c4c8d817f74fb5269ed4c1ac77b installed
libacl-devel-2.2.49-7.el6_9.1.x86_64 1503432844 171071 eb428f509273f428871f28e0cfd42dcc installed
tokyocabinet-devel-1.4.33-6.el6.x86_64 1282526910 1983855 a9304edde2910e03bd7c0bebaedf70d2 installed
aspell-devel-12:0.60.6-12.el6.x86_64 1289435088 56535 518580ea4bb148242ece5a504d035876 installed
gpg-pubkey-0608b895-4bd22942 1272064322 0 (none) installed
t1lib-devel-5.1.2-6.el6_2.1.x86_64 1327457176 807273 055bcdb232d188e1788b01229734bf66 installed
libgcc-4.4.7-23.el6.x86_64 1529411436 117352 e7b74ed43c9baf242de1cfbf80f28cbf installed
libvpx-devel-1.3.0-5.el6_5.x86_64 1409296160 2015985 c71b51cf9bdc614b5fbd5093fc85f9e2 installed
centos-release-6-10.el6.centos.12.3.x86_64 1530024761 38232 0a78cbc4776e9fce236b09814009025f installed
libmcrypt-devel-2.5.8-9.el6.x86_64 1278709815 19121 482f34320fad6131b359b2d163fa11cb installed
python-rpm-macros-3-13.el6.noarch 1531165213 2417 a287354128b9b3c09e85111029fbf3fd installed
recode-devel-3.6-28.1.el6.x86_64 1289563241 30267 12caffe1fa92774d065b994a9e7d33b1 installed
basesystem-10.0-4.el6.noarch 1289437977 0 bf36e0d2771604b8ad56d9696b5edd3c installed
libxslt-devel-1.1.26-2.el6_3.1.x86_64 1347556804 3157897 a449ae17d4b048293ccda30f80192b02 installed
ncurses-base-5.7-4.20090207.el6.x86_64 1426496042 193090 26e758f2dfba21d280faece6ec9011b1 installed
postgresql-devel-8.4.20-8.el6_9.x86_64 1507235595 3604123 188adc6efb7e0eba8012ed42c21cebf0 installed
glibc-common-2.12-1.212.el6.x86_64 1529414884 112436133 0a5a0dcfa0322659ef60d49681300c77 installed
unixODBC-devel-2.2.14-14.el6.x86_64 1404980112 186124 988b1496a4eba1b0f7ad5086ea002c7a installed
ncurses-libs-5.7-4.20090207.el6.x86_64 1426496042 752304 55dd8fcb0fddaa3718c4a9aca1c51470 installed
systemtap-sdt-devel-2.9-9.el6.x86_64 1529423899 162917 e80a70df88a93be2943988122bd2079d installed
libattr-2.4.44-7.el6.x86_64 1316804040 18712 c1e774f9e24e226b50a855f49c377de0 installed
ssmtp-2.61-22.el6.x86_64 1421108399 98218 5ef161ec2c7c2ebc14a7231068d52301 installed
zlib-1.2.3-29.el6.x86_64 1361487737 152305 17358a2e9d24db6825adfc7a21823891 installed
gmp-devel-4.3.1-13.el6.x86_64 1529422888 344621 fc51f485dc76d4d11fefddeffa670f43 installed
db4-4.7.25-22.el6.x86_64 1490145143 1533095 5bc080a2706659ba5d200654b537306b installed
nspr-4.19.0-1.el6.x86_64 1529423378 281968 18e1b8a44c636953cf82358dc0978d34 installed
nss-util-3.36.0-1.el6.x86_64 1529423475 191928 2a9a6cd34706c4ed8560fb50a8bd88d3 installed
gmp-4.3.1-13.el6.x86_64 1529422888 657883 da0cc35676b00a0f5b216c3ca6187980 installed
libselinux-2.0.94-7.el6.x86_64 1462921191 130336 481af7162f2cb5714052ae7cf6e7e1ca installed
popt-1.13-7.el6.x86_64 1282368658 83420 cdf20355eaf915d993d7584e2c4ee538 installed
xz-libs-4.999.9-0.5.beta.20091007git.el6.x86_64 1403168958 214490 2afa255c6edf06556b6aea23d72a1874 installed
elfutils-libelf-0.164-2.el6.x86_64 1462907151 1011166 0b6033f7dac090e7decd459d61714a36 installed
gawk-3.1.7-10.el6_7.3.x86_64 1447147879 2038650 e057b2c0ac4253b726d364c3ce15789c installed
dbus-libs-1:1.2.24-9.el6.x86_64 1529424000 265736 3b7d65739639c300ab7a69e890240f32 installed
lua-5.1.4-4.1.el6.x86_64 1282198547 617799 d73fd1effd24a1aeb20fd7b8be255a7d installed
binutils-2.20.51.0.2-5.48.el6.x86_64 1529421431 9831289 b53b7da97a0716997465f21147815cd5 installed
sqlite-3.6.20-1.el6_7.2.x86_64 1439807128 640060 d94a1809a80676af38140d2f0021c5f9 installed
xz-4.999.9-0.5.beta.20091007git.el6.x86_64 1403168958 488160 467d0fcd75321d77e5ee7193a9b422af installed
mpfr-2.4.1-6.el6.x86_64 1289507426 377376 962fa85bfb231914eb135da3bb9785a7 installed
grep-2.20-6.el6.x86_64 1490143924 1197904 54b483d704c87fc97d0433b2ac89ca39 installed
cpio-2.10-13.el6.x86_64 1490129964 650433 09fb2b399edb36bc6d8f69f183c90756 installed
p11-kit-0.18.5-2.el6_5.2.x86_64 1390901794 262669 4b6eb29295513687b0dd248091a45be3 installed
sysvinit-tools-2.87-6.dsf.el6.x86_64 1437690081 114115 0c73faafac6b72fe066e3e7426ebc672 installed
gdbm-1.8.0-39.el6.x86_64 1462905685 48770 f32d22ad07490183bc56bceeb30baa8e installed
perl-version-3:0.77-144.el6.x86_64 1490181147 51960 24fadfae3015ef2b7dca2ac6f810198c installed
perl-Pod-Simple-1:3.13-144.el6.x86_64 1490181147 476776 f2e0c1759e9a1b5695421946d3c368f3 installed
perl-4:5.10.1-144.el6.x86_64 1490181147 35282834 25ae099cca4c5561c027d40a3d818455 installed
p11-kit-trust-0.18.5-2.el6_5.2.x86_64 1390901794 178775 af4f4b1702c1edb385767deb382df6fd installed
xz-lzma-compat-4.999.9-0.5.beta.20091007git.el6.x86_64 1403168958 21146 4f3dee428bf66173e53600b5d6e7d9a9 installed
upstart-0.6.5-17.el6.x86_64 1529422820 567729 f70eae1ce0b394f9309a830fba720d24 installed
elfutils-libs-0.164-2.el6.x86_64 1462907151 648199 649d6422db36cc364218b19e26605e4f installed
net-tools-1.60-114.el6.x86_64 1490140334 778260 b55d83e6309f8af722284dfaef3d08f5 installed
libselinux-utils-2.0.94-7.el6.x86_64 1462921191 62739 fd6929bd238cf955852465941a9b757d installed
checkpolicy-2.0.22-1.el6.x86_64 1289442710 870239 02392813ec341e8c77a29609f884d937 installed
ppl-0.10.2-11.el6.x86_64 1289513391 4637284 6d4d70bb01ebe2ffc3a9cf5e27da20cb installed
libstdc++-devel-4.4.7-23.el6.x86_64 1529411436 9728819 105304eb2ae04a3038e0d7e9327d17f6 installed
bzip2-1.0.5-7.el6_0.x86_64 1308966355 79087 0cc4395aa298488f73ba4b5836d25668 installed
db4-utils-4.7.25-22.el6.x86_64 1490145143 416398 4ab1657d6f8d178f926a168ad1f40e8c installed
make-1:3.81-23.el6.x86_64 1462906471 1079569 e2f8c3031a4384208a7b7e8b0f6f0f11 installed
libxml2-2.7.6-21.el6_8.1.x86_64 1466672006 1779163 ddd19ff93764586cd73d56a28452d2e8 installed
glib2-2.28.8-10.el6.x86_64 1529422961 8061476 a2b6d96a84eb5c40d73789bc17c16201 installed
dbus-glib-0.86-6.el6.x86_64 1361921932 579611 36355c2ebf53d75d3573433be1fe07af installed
ncurses-5.7-4.20090207.el6.x86_64 1426496042 386371 e2e764dda00e1b7bafc865e9a274bacf installed
less-436-13.el6.x86_64 1402918566 201909 1168dd2315ee9f080c3dea0bb45fc786 installed
gzip-1.3.12-24.el6.x86_64 1490130768 225924 75fbcc40c3e1e745402ca99687f99a14 installed
cracklib-dicts-2.8.16-4.el6.x86_64 1308983950 9327207 cadecbc8984f7bc55493c47e0d2c27fe installed
pam-1.1.1-24.el6.x86_64 1490172992 2419646 9c5ae01c61f415d34fe4b192d5b5add3 installed
hwdata-0.233-20.1.el6.noarch 1529425409 5894683 37fdf49e4d7fb4aaac627b2acd369d15 installed
redhat-rpm-config-9.0.3-51.el6.centos.noarch 1462997794 138592 2d8beaa3415bd4812352e8e393287174 installed
plymouth-scripts-0.8.3-29.el6.centos.x86_64 1490151181 11006 15e520370abb095e2fd36b86d863d737 installed
nss-sysinit-3.36.0-9.el6_10.x86_64 1539104446 32822 362355fe59c3b5187f17233a2dc4217b installed
redhat-logos-60.0.14-12.el6.centos.noarch 1345112232 15816517 a1c4dbdefe5e3cdaff71a03177d18405 installed
krb5-libs-1.10.3-65.el6.x86_64 1490162503 1813468 fb39fd3d4667686d8c6a8919cce8518d installed
libssh2-1.4.2-2.el6_7.1.x86_64 1457594507 325165 75d2094e0838762108ccb666416dc3bf installed
curl-7.19.7-53.el6_9.x86_64 1491228847 357074 8ab5f2926ce20347a872179bcb89500b installed
rpm-4.8.0-59.el6.x86_64 1529423780 2034245 be5c4756ff3091f6e8b8cb6864bc8ad2 installed
libffi-3.0.5-3.2.el6.x86_64 1289507112 42881 180e75de1468bb9353680e8dabaebeaf installed
python-libs-2.6.6-66.el6_8.x86_64 1471534159 22979382 5af05686c9ebe664b766c9d109e51e41 installed
ustr-1.0.4-9.1.el6.x86_64 1282143466 273983 16060496fca7666123134438f27c9e91 installed
shadow-utils-2:4.1.5.1-5.el6.x86_64 1462915419 3466724 3c869910a1ae19bdd1392b4ac1cc4c40 installed
MAKEDEV-3.24-6.el6.x86_64 1289425057 227290 1a999a3ef7117fbf20cf67e726429a60 installed
ethtool-2:3.5-6.el6.x86_64 1437682668 283910 9649daaebc2c5dadae7da90cf4c0613c installed
policycoreutils-2.0.83-30.1.el6_8.x86_64 1479483042 3596110 b3aad0189a7e858962379b5721fd3244 installed
iproute-2.6.32-57.el6.x86_64 1529421320 963477 68c6859576cf64a7ed187072908587b2 installed
iputils-20071127-24.el6.x86_64 1490157987 297243 9429035cf29d52ecbf1eee4a7db120c7 installed
util-linux-ng-2.17.2-12.28.el6_9.2.x86_64 1516952480 6139437 ee7e9cba004ab79dce14e988cfb6d157 installed
udev-147-2.73.el6_8.2.x86_64 1473173519 1280842 3e0a5f14576169587dc44a4ebb392442 installed
glibc-headers-2.12-1.212.el6.x86_64 1529414884 2146171 321c34e79287cfd755c39cef3092c048 installed
gcc-4.4.7-23.el6.x86_64 1529411436 19499265 d20a4218376de95fdf4f7b64eb54b9dc installed
epel-rpm-macros-6-21.noarch 1529079752 23435 24aee765fb82988eb1b9c7a1877e0ad4 installed
rpm-build-4.8.0-59.el6.x86_64 1529423780 323213 79d4da891e041d8dd9d9f83ed935da1c installed
which-2.19-6.el6.x86_64 1316774876 73004 0a194d85776ddf95732977c15dde7313 installed
libgssglue-0.1-11.el6.x86_64 1311063723 41157 da73481ff230d404193a133ff8fc6acb installed
libgpg-error-1.7-4.el6.x86_64 1323279441 214321 a64a2b188d9fb76dc940e809e791aedc installed
zlib-devel-1.2.3-29.el6.x86_64 1361487737 117496 54c1c5d134bacfcf07152e2ff9279900 installed
libtirpc-0.2.1-15.el6.x86_64 1529421924 180839 d325cdd2a62db4f6b5cd7d887ba41bfd installed
elfutils-libelf-devel-0.164-2.el6.x86_64 1462907151 26454 e7f6cb184c88f4d381d7f4d3441a2726 installed
lm_sensors-libs-3.1.1-17.el6.x86_64 1348571657 66192 074702b9b2bbca8f0b3afa7befed3d56 installed
libXau-1.0.6-4.el6.x86_64 1361472293 40009 556b44d7bf6ae5ea3c2d05e7e3eedb33 installed
xorg-x11-proto-devel-7.7-14.el6.noarch 1490188644 1510568 4fc0717c261dc6c74a9a6ef9d1198a51 installed
unixODBC-2.2.14-14.el6.x86_64 1404980112 1197112 ea8ce7ae134d9646b49cc35f95d68de4 installed
firebird-libfbembed-2.5.7.27050.0-1.el6.x86_64 1502917256 5080380 94f0196b6ec71c2c20021c73bf136aa8 installed
libxcb-devel-1.12-4.el6.x86_64 1490272790 2629992 169412922d258f80fc38ddd12b9a0a73 installed
lm_sensors-devel-3.1.1-17.el6.x86_64 1348571657 16639 e4abeb50f2626a100b961c56cf1183f9 installed
libSM-1.2.1-2.el6.x86_64 1361472514 78264 47019350ac2ca70098f54a6c1fc573e9 installed
rpcbind-0.2.0-16.el6.x86_64 1529422670 97943 df9e39a9d8e27d5ef6ab5d9c98bddded installed
libxml2-devel-2.7.6-21.el6_8.1.x86_64 1466672006 8923216 52c840b0c105369b661166e98602053a installed
freetds-0.91-2.el6.x86_64 1330351188 2711929 3a17445a1eff0825b2e475eaa314d253 installed
libgpg-error-devel-1.7-4.el6.x86_64 1323279441 26694 0e320ad7b35dae12d0c398bf37fa235f installed
tcp_wrappers-devel-7.6-58.el6.x86_64 1462921375 11064 dfd4db623bbc4fe179797df539ad2c05 installed
python-argparse-1.2.1-2.1.el6.noarch 1437672456 237071 b4ee4b2b63c9f8d518b224937300b4ab installed
recode-3.6-28.1.el6.x86_64 1289563241 2191231 9a12ed3fcfa1bf1d1bb607369d4d330a installed
ncurses-devel-5.7-4.20090207.el6.x86_64 1426496042 1795830 840bdf7cb8006cf523825458ba19679b installed
cyrus-sasl-devel-2.1.23-15.el6_6.2.x86_64 1427279058 1005740 ed44205f118d648b287415ba03aeec34 installed
keyutils-libs-devel-1.4-5.el6.x86_64 1413371285 22497 d4b6a890d29466a40520e91f97f896ca installed
glib2-devel-2.28.8-10.el6.x86_64 1529422961 1569041 2ba9c0067edd153d67feb492c46288a8 installed
libedit-2.11-4.20080712cvs.1.el6.x86_64 1282207320 185648 85e16c85ed37d898a4e1512971b0f26f installed
libidn-devel-1.18-2.el6.x86_64 1282611085 412246 6b1906a5e4daabca70d23736573a2ac5 installed
libc-client-2007e-11.el6.x86_64 1289577493 1403390 a3d4f5251b92c625325d280560f4fded installed
libX11-common-1.6.4-3.el6.noarch 1490272987 1341368 9f2fffc04a738fe0c5422492e98e8e7e installed
libXpm-3.5.10-2.el6.x86_64 1361473671 104511 ee54549c7776c82e0095c81921eed5ec installed
libXt-1.1.4-6.1.el6.x86_64 1413356260 416025 47119085f8f645609e3cbcd38d00724e installed
libXext-1.3.3-1.el6.x86_64 1462927701 85590 ad1011fc9d46bd36ff97386d96af0b85 installed
aspell-12:0.60.6-12.el6.x86_64 1289435088 3057310 c4dfd3b0af854e90b04336debd463ea5 installed
enchant-1:1.5.0-5.el6.x86_64 1425984960 115094 b9552de0e3daf02cc92ef6e01901254f installed
httpd24u-filesystem-2.4.35-1.ius.el6.noarch 1539725921 366 bba58fd919aa12d982ce50a037a4cafa installed
popt-devel-1.13-7.el6.x86_64 1282368658 27716 c27a36edd80573f4aa363b24d36185b4 installed
db4-devel-4.7.25-22.el6.x86_64 1490145143 25205066 dfa96816be62150101923876c011c001 installed
libsepol-devel-2.0.41-4.el6.x86_64 1323280869 105619 ced17d065ccdea8bed45dcd36f6bb3e1 installed
krb5-devel-1.10.3-65.el6.x86_64 1490162503 2452129 8837033d8798b86116c07f761b6eb380 installed
libattr-devel-2.4.44-7.el6.x86_64 1316804040 56599 c840e38b03b0afc4f9fcb4c0e8b9cca0 installed
nfs-utils-lib-1.1.5-13.el6.x86_64 1490220189 161149 125e00c30c3347a1f07445770bc35842 installed
file-devel-5.04-30.el6.x86_64 1462914182 6675 b2d14e1da28688a37ab5da763f9f03ef installed
expat-devel-2.0.1-13.el6_8.x86_64 1480371682 487371 33ba25a952f65a0e17f7e30173e20d0a installed
m4-1.4.13-5.el6.x86_64 1289495854 560949 920603310fe2915ee14b1d40ce423ba7 installed
automake-1.11.1-4.el6.noarch 1361509246 1520636 fc4c86d7b34501bbca46487558576ed6 installed
firebird-libfbclient-2.5.7.27050.0-1.el6.x86_64 1502917256 830604 754250e8f20e736e56e970617043ac7d installed
libtidy-devel-0.99.0-19.20070615.1.el6.x86_64 1289565993 814726 82d450f5361f175685a273a8eb468f3b installed
libtool-2.2.6-15.5.el6.x86_64 1282678969 1998350 7382630bf6c5be8ce5bdbe838e2f4545 installed
net-snmp-devel-1:5.5-60.el6.x86_64 1490183222 742381 8b3f7d4c3979f6270e576db8123ff7fd installed
freetype-devel-2.3.11-17.el6.x86_64 1462918486 2360910 a6c9dcc14367140ccc649e22d5b9497a installed
enchant-devel-1:1.5.0-5.el6.x86_64 1425984960 19173 8b29ac6c20d37ce45f56deba349906ee installed
